<?xml version="1.0" encoding="UTF-8"?>
<!-- Generated by org.testng.reporters.JUnitReportReporter -->
<testsuite hostname="Shahid" failures="0" tests="4" name="testcases.LoginTest" time="104.080" errors="0" timestamp="2023-03-13T11:55:12 IST" skipped="0">
  <testcase classname="testcases.LoginTest" name="paramTest" time="21.701"/>
  <system-out/>
  <testcase classname="testcases.LoginTest" name="LoginSuccessTest" time="28.734"/>
  <system-out/>
  <testcase classname="testcases.LoginTest" name="LogiFailureTest" time="29.946"/>
  <system-out/>
  <testcase classname="testcases.LoginTest" name="excelTestData" time="23.699"/>
  <system-out/>
</testsuite> <!-- testcases.LoginTest -->
