<?xml version="1.0" encoding="UTF-8"?>
<!-- Generated by org.testng.reporters.JUnitReportReporter -->
<testsuite hostname="Shahid" failures="0" tests="4" name="testcases.LoginTest" time="81.641" errors="0" timestamp="2023-03-13T11:50:28 IST" skipped="0">
  <testcase classname="testcases.LoginTest" name="excelTestData" time="20.894"/>
  <system-out/>
  <testcase classname="testcases.LoginTest" name="LoginSuccessTest" time="20.553"/>
  <system-out/>
  <testcase classname="testcases.LoginTest" name="LogiFailureTest" time="20.122"/>
  <system-out/>
  <testcase classname="testcases.LoginTest" name="paramTest" time="20.072"/>
  <system-out/>
</testsuite> <!-- testcases.LoginTest -->
